<?xml version="1.0" encoding="UTF-8"?>
<coverage generated="1611041930872" clover="3.2.0">
  <project timestamp="1611041930873" name="All files">
    <metrics statements="10" coveredstatements="10" conditionals="2" coveredconditionals="1" methods="2" coveredmethods="2" elements="14" coveredelements="13" complexity="0" loc="10" ncloc="10" packages="1" files="1" classes="1"/>
    <file name="bootstrap.js" path="/home/coder/project/cf-worker-gateway/test/bootstrap.js">
      <metrics statements="10" coveredstatements="10" conditionals="2" coveredconditionals="1" methods="2" coveredmethods="2"/>
      <line num="1" count="8" type="stmt"/>
      <line num="2" count="8" type="stmt"/>
      <line num="3" count="8" type="stmt"/>
      <line num="4" count="8" type="stmt"/>
      <line num="5" count="8" type="stmt"/>
      <line num="8" count="26" type="stmt"/>
      <line num="21" count="26" type="stmt"/>
      <line num="29" count="26" type="stmt"/>
      <line num="30" count="27" type="stmt"/>
      <line num="34" count="8" type="stmt"/>
    </file>
  </project>
</coverage>
