{"/home/coder/project/cf-worker-gateway/test/bootstrap.js": {"path":"/home/coder/project/cf-worker-gateway/test/bootstrap.js","statementMap":{"0":{"start":{"line":1,"column":11},"end":{"line":1,"column":24}},"1":{"start":{"line":2,"column":20},"end":{"line":2,"column":59}},"2":{"start":{"line":3,"column":13},"end":{"line":3,"column":62}},"3":{"start":{"line":4,"column":22},"end":{"line":4,"column":82}},"4":{"start":{"line":5,"column":16},"end":{"line":5,"column":75}},"5":{"start":{"line":8,"column":23},"end":{"line":20,"column":1}},"6":{"start":{"line":21,"column":13},"end":{"line":27,"column":4}},"7":{"start":{"line":29,"column":2},"end":{"line":31,"column":6}},"8":{"start":{"line":30,"column":4},"end":{"line":30,"column":73}},"9":{"start":{"line":34,"column":0},"end":{"line":34,"column":30}}},"fnMap":{"0":{"name":"gatewayTester","decl":{"start":{"line":7,"column":9},"end":{"line":7,"column":22}},"loc":{"start":{"line":7,"column":84},"end":{"line":32,"column":1}},"line":7},"1":{"name":"(anonymous_1)","decl":{"start":{"line":29,"column":20},"end":{"line":29,"column":21}},"loc":{"start":{"line":29,"column":26},"end":{"line":31,"column":3}},"line":29}},"branchMap":{"0":{"loc":{"start":{"line":7,"column":23},"end":{"line":7,"column":42}},"type":"default-arg","locations":[{"start":{"line":7,"column":34},"end":{"line":7,"column":42}}],"line":7},"1":{"loc":{"start":{"line":7,"column":58},"end":{"line":7,"column":82}},"type":"default-arg","locations":[{"start":{"line":7,"column":65},"end":{"line":7,"column":82}}],"line":7}},"s":{"0":8,"1":8,"2":8,"3":8,"4":8,"5":26,"6":26,"7":26,"8":27,"9":8},"f":{"0":26,"1":27},"b":{"0":[0],"1":[15]},"_coverageSchema":"1a1c01bbd47fc00a2c39e90264f33305004495a9","hash":"d7c28bec448fa865df3ba02fd348b580925712b9"}
}
